<?xml version="1.0" encoding="UTF-8"?>
<!-- Generated by org.testng.reporters.JUnitXMLReporter -->
<testsuite ignored="0" hostname="Deepinders-MacBook-Air.local" failures="0" tests="5" name="Default test" time="115.635" errors="0" timestamp="21 June 2025 10:38:03 GMT">
  <testcase classname="swaglab_test.LoginTest" name="LockedUserLoginfailureTest" time="4.689"/>
  <testcase classname="swaglab_test.LoginTest" name="LoginFailureTestFromExcel" time="4.355"/>
  <testcase classname="swaglab_test.LoginTest" name="LoginFailureTestFromProperties" time="4.975"/>
  <testcase classname="swaglab_test.LoginTest" name="LoginSuccessTest" time="5.456"/>
  <testcase classname="swaglab_test.LoginTest" name="LoginFailureTest" time="4.225"/>
</testsuite> <!-- Default test -->
