<?xml version="1.0" encoding="UTF-8"?>
<testsuite xmlns:xsi="http://www.w3.org/2001/XMLSchema-instance" xsi:noNamespaceSchemaLocation="https://maven.apache.org/surefire/maven-surefire-plugin/xsd/surefire-test-report-3.0.xsd" version="3.0" name="TestSuite" time="11.611" tests="5" errors="0" skipped="0" failures="0">
  <properties>
[...]
</properties>
  <testcase name="LockedUserLoginfailureTest" classname="swaglab_test.LoginTest" time="0.272">
    <system-out><![CDATA[[TestNGContentHandler] [WARN] It is strongly recommended to add "<!DOCTYPE suite SYSTEM "http://testng.org/testng-1.0.dtd" >" at the top of your file, otherwise TestNG may fail or not work as expected.
]]></system-out>
    <system-err><![CDATA[July 05, 2025 11:24:29 AM org.openqa.selenium.remote.tracing.opentelemetry.OpenTelemetryTracer createTracer
INFO: Using OpenTelemetry for tracing
]]></system-err>
  </testcase>
  <testcase name="LoginFailureTestFromExcel" classname="swaglab_test.LoginTest" time="0.217"/>
  <testcase name="LoginFailureTestFromProperties" classname="swaglab_test.LoginTest" time="0.188"/>
  <testcase name="LoginSuccessTest" classname="swaglab_test.LoginTest" time="0.217"/>
  <testcase name="LoginFailureTest" classname="swaglab_test.LoginTest" time="0.201"/>
</testsuite>