<?xml version="1.0" encoding="UTF-8"?>
<testng-results ignored="0" total="5" passed="5" failed="0" skipped="0">
  <reporter-output>
  </reporter-output>
  <suite started-at="2025-06-23T10:43:43Z" name="Simplilearn" finished-at="2025-06-23T10:43:58Z" duration-ms="15256">
    <groups>
    </groups>
    <test started-at="2025-06-23T10:43:43Z" name="Smoke Test" finished-at="2025-06-23T10:43:58Z" duration-ms="15256">
      <class name="swaglab_test.LoginTest">
        <test-method is-config="true" signature="Setupexcel()[pri:0, instance:swaglab_test.LoginTest@69a10787]" started-at="2025-06-23T10:43:43Z" name="Setupexcel" finished-at="2025-06-23T10:43:43Z" duration-ms="268" status="PASS">
          <reporter-output>
          </reporter-output>
        </test-method> <!-- Setupexcel -->
        <test-method is-config="true" signature="SetUp()[pri:0, instance:swaglab_test.LoginTest@69a10787]" started-at="2025-06-23T10:43:43Z" name="SetUp" finished-at="2025-06-23T10:43:48Z" duration-ms="4126" status="PASS">
          <reporter-output>
          </reporter-output>
        </test-method> <!-- SetUp -->
        <test-method signature="LockedUserLoginfailureTest()[pri:0, instance:swaglab_test.LoginTest@69a10787]" started-at="2025-06-23T10:43:48Z" name="LockedUserLoginfailureTest" finished-at="2025-06-23T10:43:48Z" duration-ms="655" status="PASS">
          <reporter-output>
          </reporter-output>
        </test-method> <!-- LockedUserLoginfailureTest -->
        <test-method is-config="true" signature="TearDown()[pri:0, instance:swaglab_test.LoginTest@69a10787]" started-at="2025-06-23T10:43:48Z" name="TearDown" finished-at="2025-06-23T10:43:48Z" duration-ms="140" status="PASS">
          <reporter-output>
          </reporter-output>
        </test-method> <!-- TearDown -->
        <test-method is-config="true" signature="SetUp()[pri:0, instance:swaglab_test.LoginTest@69a10787]" started-at="2025-06-23T10:43:48Z" name="SetUp" finished-at="2025-06-23T10:43:50Z" duration-ms="2073" status="PASS">
          <reporter-output>
          </reporter-output>
        </test-method> <!-- SetUp -->
        <test-method signature="LoginFailureTestFromExcel()[pri:0, instance:swaglab_test.LoginTest@69a10787]" started-at="2025-06-23T10:43:50Z" name="LoginFailureTestFromExcel" finished-at="2025-06-23T10:43:51Z" duration-ms="207" status="PASS">
          <reporter-output>
          </reporter-output>
        </test-method> <!-- LoginFailureTestFromExcel -->
        <test-method is-config="true" signature="TearDown()[pri:0, instance:swaglab_test.LoginTest@69a10787]" started-at="2025-06-23T10:43:51Z" name="TearDown" finished-at="2025-06-23T10:43:51Z" duration-ms="180" status="PASS">
          <reporter-output>
          </reporter-output>
        </test-method> <!-- TearDown -->
        <test-method is-config="true" signature="SetUp()[pri:0, instance:swaglab_test.LoginTest@69a10787]" started-at="2025-06-23T10:43:51Z" name="SetUp" finished-at="2025-06-23T10:43:53Z" duration-ms="1998" status="PASS">
          <reporter-output>
          </reporter-output>
        </test-method> <!-- SetUp -->
        <test-method signature="LoginFailureTestFromProperties()[pri:0, instance:swaglab_test.LoginTest@69a10787]" started-at="2025-06-23T10:43:53Z" name="LoginFailureTestFromProperties" finished-at="2025-06-23T10:43:53Z" duration-ms="157" status="PASS">
          <reporter-output>
          </reporter-output>
        </test-method> <!-- LoginFailureTestFromProperties -->
        <test-method is-config="true" signature="TearDown()[pri:0, instance:swaglab_test.LoginTest@69a10787]" started-at="2025-06-23T10:43:53Z" name="TearDown" finished-at="2025-06-23T10:43:53Z" duration-ms="104" status="PASS">
          <reporter-output>
          </reporter-output>
        </test-method> <!-- TearDown -->
        <test-method is-config="true" signature="SetUp()[pri:0, instance:swaglab_test.LoginTest@69a10787]" started-at="2025-06-23T10:43:53Z" name="SetUp" finished-at="2025-06-23T10:43:55Z" duration-ms="2033" status="PASS">
          <reporter-output>
          </reporter-output>
        </test-method> <!-- SetUp -->
        <test-method signature="LoginSuccessTest()[pri:0, instance:swaglab_test.LoginTest@69a10787]" started-at="2025-06-23T10:43:55Z" name="LoginSuccessTest" finished-at="2025-06-23T10:43:55Z" duration-ms="221" status="PASS">
          <reporter-output>
          </reporter-output>
        </test-method> <!-- LoginSuccessTest -->
        <test-method is-config="true" signature="TearDown()[pri:0, instance:swaglab_test.LoginTest@69a10787]" started-at="2025-06-23T10:43:55Z" name="TearDown" finished-at="2025-06-23T10:43:55Z" duration-ms="159" status="PASS">
          <reporter-output>
          </reporter-output>
        </test-method> <!-- TearDown -->
        <test-method is-config="true" signature="SetUp()[pri:0, instance:swaglab_test.LoginTest@69a10787]" started-at="2025-06-23T10:43:55Z" name="SetUp" finished-at="2025-06-23T10:43:58Z" duration-ms="2224" status="PASS">
          <reporter-output>
          </reporter-output>
        </test-method> <!-- SetUp -->
        <test-method signature="LoginFailureTest()[pri:1, instance:swaglab_test.LoginTest@69a10787]" started-at="2025-06-23T10:43:58Z" name="LoginFailureTest" finished-at="2025-06-23T10:43:58Z" duration-ms="240" status="PASS">
          <reporter-output>
          </reporter-output>
        </test-method> <!-- LoginFailureTest -->
        <test-method is-config="true" signature="TearDown()[pri:0, instance:swaglab_test.LoginTest@69a10787]" started-at="2025-06-23T10:43:58Z" name="TearDown" finished-at="2025-06-23T10:43:58Z" duration-ms="129" status="PASS">
          <reporter-output>
          </reporter-output>
        </test-method> <!-- TearDown -->
        <test-method is-config="true" signature="CloseExcel()[pri:0, instance:swaglab_test.LoginTest@69a10787]" started-at="2025-06-23T10:43:58Z" name="CloseExcel" finished-at="2025-06-23T10:43:58Z" duration-ms="336" status="PASS">
          <reporter-output>
          </reporter-output>
        </test-method> <!-- CloseExcel -->
      </class> <!-- swaglab_test.LoginTest -->
    </test> <!-- Smoke Test -->
  </suite> <!-- Simplilearn -->
</testng-results>
