<?xml version="1.0" encoding="UTF-8"?>
<testng-results ignored="0" total="5" passed="5" failed="0" skipped="0">
  <reporter-output>
  </reporter-output>
  <suite started-at="2025-06-22T23:56:47Z" name="Simplilearn" finished-at="2025-06-22T23:57:03Z" duration-ms="15807">
    <groups>
    </groups>
    <test started-at="2025-06-22T23:56:47Z" name="Smoke Test" finished-at="2025-06-22T23:57:03Z" duration-ms="15807">
      <class name="swaglab_test.LoginTest">
        <test-method is-config="true" signature="Setupexcel()[pri:0, instance:swaglab_test.LoginTest@69a10787]" started-at="2025-06-22T23:56:47Z" name="Setupexcel" finished-at="2025-06-22T23:56:47Z" duration-ms="281" status="PASS">
          <reporter-output>
          </reporter-output>
        </test-method> <!-- Setupexcel -->
        <test-method is-config="true" signature="SetUp()[pri:0, instance:swaglab_test.LoginTest@69a10787]" started-at="2025-06-22T23:56:47Z" name="SetUp" finished-at="2025-06-22T23:56:53Z" duration-ms="5853" status="PASS">
          <reporter-output>
          </reporter-output>
        </test-method> <!-- SetUp -->
        <test-method signature="LockedUserLoginfailureTest()[pri:0, instance:swaglab_test.LoginTest@69a10787]" started-at="2025-06-22T23:56:53Z" name="LockedUserLoginfailureTest" finished-at="2025-06-22T23:56:54Z" duration-ms="538" status="PASS">
          <reporter-output>
          </reporter-output>
        </test-method> <!-- LockedUserLoginfailureTest -->
        <test-method is-config="true" signature="TearDown()[pri:0, instance:swaglab_test.LoginTest@69a10787]" started-at="2025-06-22T23:56:54Z" name="TearDown" finished-at="2025-06-22T23:56:54Z" duration-ms="201" status="PASS">
          <reporter-output>
          </reporter-output>
        </test-method> <!-- TearDown -->
        <test-method is-config="true" signature="SetUp()[pri:0, instance:swaglab_test.LoginTest@69a10787]" started-at="2025-06-22T23:56:54Z" name="SetUp" finished-at="2025-06-22T23:56:56Z" duration-ms="2162" status="PASS">
          <reporter-output>
          </reporter-output>
        </test-method> <!-- SetUp -->
        <test-method signature="LoginFailureTestFromExcel()[pri:0, instance:swaglab_test.LoginTest@69a10787]" started-at="2025-06-22T23:56:56Z" name="LoginFailureTestFromExcel" finished-at="2025-06-22T23:56:56Z" duration-ms="242" status="PASS">
          <reporter-output>
          </reporter-output>
        </test-method> <!-- LoginFailureTestFromExcel -->
        <test-method is-config="true" signature="TearDown()[pri:0, instance:swaglab_test.LoginTest@69a10787]" started-at="2025-06-22T23:56:56Z" name="TearDown" finished-at="2025-06-22T23:56:56Z" duration-ms="183" status="PASS">
          <reporter-output>
          </reporter-output>
        </test-method> <!-- TearDown -->
        <test-method is-config="true" signature="SetUp()[pri:0, instance:swaglab_test.LoginTest@69a10787]" started-at="2025-06-22T23:56:56Z" name="SetUp" finished-at="2025-06-22T23:56:58Z" duration-ms="1739" status="PASS">
          <reporter-output>
          </reporter-output>
        </test-method> <!-- SetUp -->
        <test-method signature="LoginFailureTestFromProperties()[pri:0, instance:swaglab_test.LoginTest@69a10787]" started-at="2025-06-22T23:56:58Z" name="LoginFailureTestFromProperties" finished-at="2025-06-22T23:56:58Z" duration-ms="171" status="PASS">
          <reporter-output>
          </reporter-output>
        </test-method> <!-- LoginFailureTestFromProperties -->
        <test-method is-config="true" signature="TearDown()[pri:0, instance:swaglab_test.LoginTest@69a10787]" started-at="2025-06-22T23:56:58Z" name="TearDown" finished-at="2025-06-22T23:56:58Z" duration-ms="161" status="PASS">
          <reporter-output>
          </reporter-output>
        </test-method> <!-- TearDown -->
        <test-method is-config="true" signature="SetUp()[pri:0, instance:swaglab_test.LoginTest@69a10787]" started-at="2025-06-22T23:56:58Z" name="SetUp" finished-at="2025-06-22T23:57:00Z" duration-ms="1774" status="PASS">
          <reporter-output>
          </reporter-output>
        </test-method> <!-- SetUp -->
        <test-method signature="LoginSuccessTest()[pri:0, instance:swaglab_test.LoginTest@69a10787]" started-at="2025-06-22T23:57:00Z" name="LoginSuccessTest" finished-at="2025-06-22T23:57:00Z" duration-ms="205" status="PASS">
          <reporter-output>
          </reporter-output>
        </test-method> <!-- LoginSuccessTest -->
        <test-method is-config="true" signature="TearDown()[pri:0, instance:swaglab_test.LoginTest@69a10787]" started-at="2025-06-22T23:57:00Z" name="TearDown" finished-at="2025-06-22T23:57:01Z" duration-ms="109" status="PASS">
          <reporter-output>
          </reporter-output>
        </test-method> <!-- TearDown -->
        <test-method is-config="true" signature="SetUp()[pri:0, instance:swaglab_test.LoginTest@69a10787]" started-at="2025-06-22T23:57:01Z" name="SetUp" finished-at="2025-06-22T23:57:02Z" duration-ms="1825" status="PASS">
          <reporter-output>
          </reporter-output>
        </test-method> <!-- SetUp -->
        <test-method signature="LoginFailureTest()[pri:1, instance:swaglab_test.LoginTest@69a10787]" started-at="2025-06-22T23:57:02Z" name="LoginFailureTest" finished-at="2025-06-22T23:57:03Z" duration-ms="166" status="PASS">
          <reporter-output>
          </reporter-output>
        </test-method> <!-- LoginFailureTest -->
        <test-method is-config="true" signature="TearDown()[pri:0, instance:swaglab_test.LoginTest@69a10787]" started-at="2025-06-22T23:57:03Z" name="TearDown" finished-at="2025-06-22T23:57:03Z" duration-ms="126" status="PASS">
          <reporter-output>
          </reporter-output>
        </test-method> <!-- TearDown -->
        <test-method is-config="true" signature="CloseExcel()[pri:0, instance:swaglab_test.LoginTest@69a10787]" started-at="2025-06-22T23:57:03Z" name="CloseExcel" finished-at="2025-06-22T23:57:03Z" duration-ms="66" status="PASS">
          <reporter-output>
          </reporter-output>
        </test-method> <!-- CloseExcel -->
      </class> <!-- swaglab_test.LoginTest -->
    </test> <!-- Smoke Test -->
  </suite> <!-- Simplilearn -->
</testng-results>
