<?xml version="1.0" encoding="UTF-8"?>
<testng-results ignored="0" total="5" passed="5" failed="0" skipped="0">
  <reporter-output>
  </reporter-output>
  <suite started-at="2025-06-21T11:31:54Z" name="Simplilearn" finished-at="2025-06-21T11:33:49Z" duration-ms="114829">
    <groups>
    </groups>
    <test started-at="2025-06-21T11:31:54Z" name="Smoke Test" finished-at="2025-06-21T11:33:49Z" duration-ms="114829">
      <class name="swaglab_test.LoginTest">
        <test-method is-config="true" signature="Setupexcel()[pri:0, instance:swaglab_test.LoginTest@4278a03f]" started-at="2025-06-21T11:31:54Z" name="Setupexcel" finished-at="2025-06-21T11:31:55Z" duration-ms="933" status="PASS">
          <reporter-output>
          </reporter-output>
        </test-method> <!-- Setupexcel -->
        <test-method is-config="true" signature="SetUp()[pri:0, instance:swaglab_test.LoginTest@4278a03f]" started-at="2025-06-21T11:31:55Z" name="SetUp" finished-at="2025-06-21T11:32:52Z" duration-ms="56695" status="PASS">
          <reporter-output>
          </reporter-output>
        </test-method> <!-- SetUp -->
        <test-method signature="LockedUserLoginfailureTest()[pri:0, instance:swaglab_test.LoginTest@4278a03f]" started-at="2025-06-21T11:32:52Z" name="LockedUserLoginfailureTest" finished-at="2025-06-21T11:32:56Z" duration-ms="4680" status="PASS">
          <reporter-output>
          </reporter-output>
        </test-method> <!-- LockedUserLoginfailureTest -->
        <test-method is-config="true" signature="TearDown()[pri:0, instance:swaglab_test.LoginTest@4278a03f]" started-at="2025-06-21T11:32:56Z" name="TearDown" finished-at="2025-06-21T11:32:56Z" duration-ms="117" status="PASS">
          <reporter-output>
          </reporter-output>
        </test-method> <!-- TearDown -->
        <test-method is-config="true" signature="SetUp()[pri:0, instance:swaglab_test.LoginTest@4278a03f]" started-at="2025-06-21T11:32:56Z" name="SetUp" finished-at="2025-06-21T11:33:05Z" duration-ms="9080" status="PASS">
          <reporter-output>
          </reporter-output>
        </test-method> <!-- SetUp -->
        <test-method signature="LoginFailureTestFromExcel()[pri:0, instance:swaglab_test.LoginTest@4278a03f]" started-at="2025-06-21T11:33:05Z" name="LoginFailureTestFromExcel" finished-at="2025-06-21T11:33:10Z" duration-ms="4223" status="PASS">
          <reporter-output>
          </reporter-output>
        </test-method> <!-- LoginFailureTestFromExcel -->
        <test-method is-config="true" signature="TearDown()[pri:0, instance:swaglab_test.LoginTest@4278a03f]" started-at="2025-06-21T11:33:10Z" name="TearDown" finished-at="2025-06-21T11:33:10Z" duration-ms="101" status="PASS">
          <reporter-output>
          </reporter-output>
        </test-method> <!-- TearDown -->
        <test-method is-config="true" signature="SetUp()[pri:0, instance:swaglab_test.LoginTest@4278a03f]" started-at="2025-06-21T11:33:10Z" name="SetUp" finished-at="2025-06-21T11:33:18Z" duration-ms="8366" status="PASS">
          <reporter-output>
          </reporter-output>
        </test-method> <!-- SetUp -->
        <test-method signature="LoginFailureTestFromProperties()[pri:0, instance:swaglab_test.LoginTest@4278a03f]" started-at="2025-06-21T11:33:18Z" name="LoginFailureTestFromProperties" finished-at="2025-06-21T11:33:23Z" duration-ms="4899" status="PASS">
          <reporter-output>
          </reporter-output>
        </test-method> <!-- LoginFailureTestFromProperties -->
        <test-method is-config="true" signature="TearDown()[pri:0, instance:swaglab_test.LoginTest@4278a03f]" started-at="2025-06-21T11:33:23Z" name="TearDown" finished-at="2025-06-21T11:33:23Z" duration-ms="102" status="PASS">
          <reporter-output>
          </reporter-output>
        </test-method> <!-- TearDown -->
        <test-method is-config="true" signature="SetUp()[pri:0, instance:swaglab_test.LoginTest@4278a03f]" started-at="2025-06-21T11:33:23Z" name="SetUp" finished-at="2025-06-21T11:33:31Z" duration-ms="8104" status="PASS">
          <reporter-output>
          </reporter-output>
        </test-method> <!-- SetUp -->
        <test-method signature="LoginSuccessTest()[pri:0, instance:swaglab_test.LoginTest@4278a03f]" started-at="2025-06-21T11:33:31Z" name="LoginSuccessTest" finished-at="2025-06-21T11:33:36Z" duration-ms="4760" status="PASS">
          <reporter-output>
          </reporter-output>
        </test-method> <!-- LoginSuccessTest -->
        <test-method is-config="true" signature="TearDown()[pri:0, instance:swaglab_test.LoginTest@4278a03f]" started-at="2025-06-21T11:33:36Z" name="TearDown" finished-at="2025-06-21T11:33:36Z" duration-ms="105" status="PASS">
          <reporter-output>
          </reporter-output>
        </test-method> <!-- TearDown -->
        <test-method is-config="true" signature="SetUp()[pri:0, instance:swaglab_test.LoginTest@4278a03f]" started-at="2025-06-21T11:33:36Z" name="SetUp" finished-at="2025-06-21T11:33:44Z" duration-ms="7882" status="PASS">
          <reporter-output>
          </reporter-output>
        </test-method> <!-- SetUp -->
        <test-method signature="LoginFailureTest()[pri:1, instance:swaglab_test.LoginTest@4278a03f]" started-at="2025-06-21T11:33:44Z" name="LoginFailureTest" finished-at="2025-06-21T11:33:48Z" duration-ms="4420" status="PASS">
          <reporter-output>
          </reporter-output>
        </test-method> <!-- LoginFailureTest -->
        <test-method is-config="true" signature="TearDown()[pri:0, instance:swaglab_test.LoginTest@4278a03f]" started-at="2025-06-21T11:33:48Z" name="TearDown" finished-at="2025-06-21T11:33:49Z" duration-ms="102" status="PASS">
          <reporter-output>
          </reporter-output>
        </test-method> <!-- TearDown -->
        <test-method is-config="true" signature="CloseExcel()[pri:0, instance:swaglab_test.LoginTest@4278a03f]" started-at="2025-06-21T11:33:49Z" name="CloseExcel" finished-at="2025-06-21T11:33:49Z" duration-ms="226" status="PASS">
          <reporter-output>
          </reporter-output>
        </test-method> <!-- CloseExcel -->
      </class> <!-- swaglab_test.LoginTest -->
    </test> <!-- Smoke Test -->
  </suite> <!-- Simplilearn -->
</testng-results>
