<?xml version="1.0" encoding="UTF-8"?>
<!-- Generated by org.testng.reporters.JUnitXMLReporter -->
<testsuite ignored="0" hostname="Deepinders-MacBook-Air.local" failures="0" tests="5" name="Smoke Test" time="114.829" errors="0" timestamp="21 June 2025 11:33:49 GMT">
  <testcase classname="swaglab_test.LoginTest" name="LockedUserLoginfailureTest" time="4.68"/>
  <testcase classname="swaglab_test.LoginTest" name="LoginFailureTestFromExcel" time="4.223"/>
  <testcase classname="swaglab_test.LoginTest" name="LoginFailureTestFromProperties" time="4.899"/>
  <testcase classname="swaglab_test.LoginTest" name="LoginSuccessTest" time="4.76"/>
  <testcase classname="swaglab_test.LoginTest" name="LoginFailureTest" time="4.42"/>
</testsuite> <!-- Smoke Test -->
