<?xml version="1.0" encoding="UTF-8"?>
<!-- Generated by org.testng.reporters.JUnitXMLReporter -->
<testsuite ignored="0" hostname="Deepinders-MacBook-Air.local" failures="0" tests="5" name="Smoke Test" time="11.448" errors="0" timestamp="05 July 2025 01:24:40 GMT">
  <testcase classname="swaglab_test.LoginTest" name="LockedUserLoginfailureTest" time="0.279"/>
  <testcase classname="swaglab_test.LoginTest" name="LoginFailureTestFromExcel" time="0.216"/>
  <testcase classname="swaglab_test.LoginTest" name="LoginFailureTestFromProperties" time="0.189"/>
  <testcase classname="swaglab_test.LoginTest" name="LoginSuccessTest" time="0.217"/>
  <testcase classname="swaglab_test.LoginTest" name="LoginFailureTest" time="0.201"/>
</testsuite> <!-- Smoke Test -->
