<?xml version="1.0" encoding="UTF-8"?>
<!-- Generated by org.testng.reporters.JUnitXMLReporter -->
<testsuite ignored="0" hostname="Deepinders-MacBook-Air.local" failures="0" tests="5" name="Smoke Test" time="15.256" errors="0" timestamp="23 June 2025 10:43:58 GMT">
  <testcase classname="swaglab_test.LoginTest" name="LockedUserLoginfailureTest" time="0.655"/>
  <testcase classname="swaglab_test.LoginTest" name="LoginFailureTestFromExcel" time="0.207"/>
  <testcase classname="swaglab_test.LoginTest" name="LoginFailureTestFromProperties" time="0.157"/>
  <testcase classname="swaglab_test.LoginTest" name="LoginSuccessTest" time="0.221"/>
  <testcase classname="swaglab_test.LoginTest" name="LoginFailureTest" time="0.24"/>
</testsuite> <!-- Smoke Test -->
